Notice: Output directory `docs' does not exist. I have created it for you.
Searching for include files...
Searching for example files...
Searching for images...
Searching for dot files...
Searching for msc files...
Searching for dia files...
Searching for files to exclude
Searching for files to process...
Searching for files in directory /Users/reubentanner/Google Drive/SCHOOL/os/os/github/shell/shell/shell/src
Searching for files in directory /Users/reubentanner/Google Drive/SCHOOL/os/os/github/shell/shell/shell/src/docs
Reading and parsing tag files
Parsing files
Preprocessing /Users/reubentanner/Google Drive/SCHOOL/os/os/github/shell/shell/shell/src/error.c...
Parsing file /Users/reubentanner/Google Drive/SCHOOL/os/os/github/shell/shell/shell/src/error.c...
Preprocessing /Users/reubentanner/Google Drive/SCHOOL/os/os/github/shell/shell/shell/src/loop.c...
Parsing file /Users/reubentanner/Google Drive/SCHOOL/os/os/github/shell/shell/shell/src/loop.c...
Preprocessing /Users/reubentanner/Google Drive/SCHOOL/os/os/github/shell/shell/shell/src/main.c...
Parsing file /Users/reubentanner/Google Drive/SCHOOL/os/os/github/shell/shell/shell/src/main.c...
Preprocessing /Users/reubentanner/Google Drive/SCHOOL/os/os/github/shell/shell/shell/src/ourhdr.h...
Parsing file /Users/reubentanner/Google Drive/SCHOOL/os/os/github/shell/shell/shell/src/ourhdr.h...
Preprocessing /Users/reubentanner/Google Drive/SCHOOL/os/os/github/shell/shell/shell/src/test-readline.c...
Parsing file /Users/reubentanner/Google Drive/SCHOOL/os/os/github/shell/shell/shell/src/test-readline.c...
Building group list...
Building directory list...
Building namespace list...
Building file list...
Building class list...
Associating documentation with classes...
Computing nesting relations for classes...
Building example list...
Searching for enumerations...
Searching for documented typedefs...
Searching for members imported via using declarations...
Searching for included using directives...
Searching for documented variables...
Building interface member list...
Building member list...
Searching for friends...
Searching for documented defines...
Computing class inheritance relations...
Computing class usage relations...
Flushing cached template relations that have become invalid...
Creating members for template instances...
Computing class relations...
Add enum values to enums...
Searching for member function documentation...
Building page list...
Search for main page...
Computing page relations...
Determining the scope of groups...
Sorting lists...
Freeing entry tree
Determining which enums are documented
Computing member relations...
Building full member lists recursively...
Adding members to member groups.
Computing member references...
Inheriting documentation...
Generating disk names...
Adding source references...
Adding xrefitems...
Sorting member lists...
Computing dependencies between directories...
Generating citations page...
Counting data structures...
Resolving user defined references...
Finding anchors and sections in the documentation...
Transferring function references...
Combining using relations...
Adding members to index pages...
Generating style sheet...
Generating search indices...
Generating example documentation...
Generating file sources...
Generating code for file ourhdr.h...
Generating file documentation...
Generating docs for file error.c...
Generating docs for file loop.c...
Generating docs for file main.c...
Generating docs for file ourhdr.h...
Generating docs for file test-readline.c...
Generating page documentation...
Generating group documentation...
Generating class documentation...
Generating namespace index...
Generating graph info page...
Generating directory documentation...
Generating index page...
Generating page index...
Generating module index...
Generating namespace index...
Generating namespace member index...
Generating annotated compound index...
Generating alphabetical compound index...
Generating hierarchical class index...
Generating member index...
Generating file index...
Generating file member index...
Generating example index...
finalizing index lists...
lookup cache used 11/65536 hits=20 misses=11
finished...
